<?xml version="1.0" encoding="utf-8"?><testsuites name="pytest tests"><testsuite name="pytest" errors="0" failures="2" skipped="0" tests="26" time="3.579" timestamp="2026-02-12T08:01:16.754660+00:00" hostname="agent-env-ab8f5843-892a-4114-bddd-6f3bb82102f8"><testcase classname="backend.tests.test_admin_dashboard.TestAdminDashboard" name="test_get_dashboard_stats" time="0.342" /><testcase classname="backend.tests.test_admin_dashboard.TestAdminDashboard" name="test_dashboard_requires_admin" time="0.037"><failure message="assert 403 == 401&#10; +  where 403 = &lt;Response [403]&gt;.status_code">backend/tests/test_admin_dashboard.py:71: in test_dashboard_requires_admin
    assert response.status_code == 401
E   assert 403 == 401
E    +  where 403 = &lt;Response [403]&gt;.status_code</failure></testcase><testcase classname="backend.tests.test_admin_dashboard.TestUsersManagement" name="test_list_users" time="0.043" /><testcase classname="backend.tests.test_admin_dashboard.TestUsersManagement" name="test_list_users_with_role_filter" time="0.155" /><testcase classname="backend.tests.test_admin_dashboard.TestUsersManagement" name="test_list_users_with_pagination" time="0.033" /><testcase classname="backend.tests.test_admin_dashboard.TestUsersManagement" name="test_get_user_details" time="0.069" /><testcase classname="backend.tests.test_admin_dashboard.TestUsersManagement" name="test_activate_deactivate_user" time="0.531" /><testcase classname="backend.tests.test_admin_dashboard.TestUsersManagement" name="test_delete_user" time="0.342" /><testcase classname="backend.tests.test_admin_dashboard.TestPharmaciesManagement" name="test_list_pharmacies" time="0.037" /><testcase classname="backend.tests.test_admin_dashboard.TestPharmaciesManagement" name="test_verify_pharmacy" time="0.072" /><testcase classname="backend.tests.test_admin_dashboard.TestDriversManagement" name="test_list_drivers" time="0.037" /><testcase classname="backend.tests.test_admin_dashboard.TestDriversManagement" name="test_list_drivers_by_status" time="0.106" /><testcase classname="backend.tests.test_admin_dashboard.TestDriversManagement" name="test_verify_driver" time="0.070" /><testcase classname="backend.tests.test_admin_dashboard.TestOrdersManagement" name="test_list_orders" time="0.035" /><testcase classname="backend.tests.test_admin_dashboard.TestOrdersManagement" name="test_list_orders_by_status" time="0.217" /><testcase classname="backend.tests.test_admin_dashboard.TestOrdersManagement" name="test_list_orders_with_pagination" time="0.037" /><testcase classname="backend.tests.test_admin_dashboard.TestOrdersManagement" name="test_cancel_order" time="0.074" /><testcase classname="backend.tests.test_admin_dashboard.TestServiceZonesManagement" name="test_list_zones" time="0.036" /><testcase classname="backend.tests.test_admin_dashboard.TestServiceZonesManagement" name="test_create_zone" time="0.078" /><testcase classname="backend.tests.test_admin_dashboard.TestServiceZonesManagement" name="test_update_zone" time="0.144" /><testcase classname="backend.tests.test_admin_dashboard.TestServiceZonesManagement" name="test_delete_zone" time="0.107" /><testcase classname="backend.tests.test_admin_dashboard.TestServiceZonesManagement" name="test_check_zone_availability" time="0.134" /><testcase classname="backend.tests.test_admin_dashboard.TestReportsSection" name="test_get_daily_report" time="0.032" /><testcase classname="backend.tests.test_admin_dashboard.TestReportsSection" name="test_get_daily_report_with_date" time="0.036" /><testcase classname="backend.tests.test_admin_dashboard.TestReportsSection" name="test_report_requires_admin" time="0.036"><failure message="assert 403 == 401&#10; +  where 403 = &lt;Response [403]&gt;.status_code">backend/tests/test_admin_dashboard.py:477: in test_report_requires_admin
    assert response.status_code == 401
E   assert 403 == 401
E    +  where 403 = &lt;Response [403]&gt;.status_code</failure></testcase><testcase classname="backend.tests.test_admin_dashboard.TestAdminAccessControl" name="test_non_admin_cannot_access_admin_endpoints" time="0.629" /></testsuite></testsuites>