<?xml version="1.0" encoding="utf-8"?><testsuites name="pytest tests"><testsuite name="pytest" errors="0" failures="0" skipped="0" tests="24" time="2.980" timestamp="2026-02-12T10:12:45.705929+00:00" hostname="agent-env-c6d84186-eb19-4f27-8f1c-41ae35d097bd"><testcase classname="backend.tests.test_admin_pricing_driver.TestAdminAuth" name="test_admin_login" time="0.575" /><testcase classname="backend.tests.test_admin_pricing_driver.TestAdminCreateDriver" name="test_create_driver_success" time="0.259" /><testcase classname="backend.tests.test_admin_pricing_driver.TestAdminCreateDriver" name="test_create_driver_duplicate_email" time="0.293" /><testcase classname="backend.tests.test_admin_pricing_driver.TestAdminCreateDriver" name="test_create_driver_without_auth" time="0.033" /><testcase classname="backend.tests.test_admin_pricing_driver.TestAdminPricingCRUD" name="test_get_pricing_list" time="0.040" /><testcase classname="backend.tests.test_admin_pricing_driver.TestAdminPricingCRUD" name="test_get_pricing_with_inactive" time="0.037" /><testcase classname="backend.tests.test_admin_pricing_driver.TestAdminPricingCRUD" name="test_create_pricing_next_day" time="0.037" /><testcase classname="backend.tests.test_admin_pricing_driver.TestAdminPricingCRUD" name="test_create_pricing_same_day" time="0.033" /><testcase classname="backend.tests.test_admin_pricing_driver.TestAdminPricingCRUD" name="test_create_pricing_priority" time="0.034" /><testcase classname="backend.tests.test_admin_pricing_driver.TestAdminPricingCRUD" name="test_create_pricing_refrigerated_addon" time="0.076" /><testcase classname="backend.tests.test_admin_pricing_driver.TestAdminPricingCRUD" name="test_get_pricing_by_id" time="0.074" /><testcase classname="backend.tests.test_admin_pricing_driver.TestAdminPricingCRUD" name="test_get_pricing_not_found" time="0.039" /><testcase classname="backend.tests.test_admin_pricing_driver.TestAdminPricingCRUD" name="test_update_pricing" time="0.074" /><testcase classname="backend.tests.test_admin_pricing_driver.TestAdminPricingCRUD" name="test_update_pricing_not_found" time="0.035" /><testcase classname="backend.tests.test_admin_pricing_driver.TestAdminPricingCRUD" name="test_toggle_pricing" time="0.112" /><testcase classname="backend.tests.test_admin_pricing_driver.TestAdminPricingCRUD" name="test_toggle_pricing_not_found" time="0.035" /><testcase classname="backend.tests.test_admin_pricing_driver.TestAdminPricingCRUD" name="test_delete_pricing" time="0.102" /><testcase classname="backend.tests.test_admin_pricing_driver.TestAdminPricingCRUD" name="test_delete_pricing_not_found" time="0.035" /><testcase classname="backend.tests.test_admin_pricing_driver.TestAdminOrderStatus" name="test_get_orders_list" time="0.033" /><testcase classname="backend.tests.test_admin_pricing_driver.TestAdminOrderStatus" name="test_update_order_status_valid" time="0.078" /><testcase classname="backend.tests.test_admin_pricing_driver.TestAdminOrderStatus" name="test_update_order_status_invalid" time="0.069" /><testcase classname="backend.tests.test_admin_pricing_driver.TestAdminOrderStatus" name="test_update_order_status_not_found" time="0.034" /><testcase classname="backend.tests.test_admin_pricing_driver.TestPricingAccessControl" name="test_pricing_without_auth" time="0.031" /><testcase classname="backend.tests.test_admin_pricing_driver.TestPricingAccessControl" name="test_create_pricing_without_auth" time="0.720" /></testsuite></testsuites>