<?xml version="1.0" encoding="utf-8"?><testsuites name="pytest tests"><testsuite name="pytest" errors="0" failures="0" skipped="0" tests="23" time="6.397" timestamp="2026-02-12T09:24:30.628788+00:00" hostname="agent-env-ab8f5843-892a-4114-bddd-6f3bb82102f8"><testcase classname="backend.tests.test_admin_status_driver_portal.TestAdminOrderStatusChange" name="test_admin_login_success" time="0.565" /><testcase classname="backend.tests.test_admin_status_driver_portal.TestAdminOrderStatusChange" name="test_admin_get_orders" time="0.268" /><testcase classname="backend.tests.test_admin_status_driver_portal.TestAdminOrderStatusChange" name="test_admin_update_order_status_endpoint_exists" time="0.290" /><testcase classname="backend.tests.test_admin_status_driver_portal.TestAdminOrderStatusChange" name="test_admin_update_order_status_to_delivered" time="0.292" /><testcase classname="backend.tests.test_admin_status_driver_portal.TestAdminOrderStatusChange" name="test_admin_update_order_status_to_cancelled" time="0.294" /><testcase classname="backend.tests.test_admin_status_driver_portal.TestAdminOrderStatusChange" name="test_admin_update_order_status_invalid_status" time="0.321" /><testcase classname="backend.tests.test_admin_status_driver_portal.TestAdminOrderStatusChange" name="test_admin_update_order_status_nonexistent_order" time="0.270" /><testcase classname="backend.tests.test_admin_status_driver_portal.TestAdminOrderStatusChange" name="test_admin_update_order_status_with_notes" time="0.326" /><testcase classname="backend.tests.test_admin_status_driver_portal.TestDriverPortalAPIs" name="test_driver_login_success" time="0.521" /><testcase classname="backend.tests.test_admin_status_driver_portal.TestDriverPortalAPIs" name="test_driver_portal_profile_endpoint" time="0.303" /><testcase classname="backend.tests.test_admin_status_driver_portal.TestDriverPortalAPIs" name="test_driver_portal_deliveries_endpoint" time="0.310" /><testcase classname="backend.tests.test_admin_status_driver_portal.TestDriverPortalAPIs" name="test_driver_portal_deliveries_with_status_filter" time="0.268" /><testcase classname="backend.tests.test_admin_status_driver_portal.TestDriverPortalAPIs" name="test_driver_portal_status_update_endpoint" time="0.305" /><testcase classname="backend.tests.test_admin_status_driver_portal.TestDriverPortalAPIs" name="test_driver_portal_status_update_on_break" time="0.319" /><testcase classname="backend.tests.test_admin_status_driver_portal.TestDriverPortalAPIs" name="test_driver_portal_status_update_offline" time="0.311" /><testcase classname="backend.tests.test_admin_status_driver_portal.TestDriverPortalAPIs" name="test_driver_portal_status_invalid_status" time="0.264" /><testcase classname="backend.tests.test_admin_status_driver_portal.TestDriverPortalAPIs" name="test_driver_portal_location_update_endpoint" time="0.336" /><testcase classname="backend.tests.test_admin_status_driver_portal.TestDriverPortalAccessControl" name="test_driver_portal_requires_auth" time="0.037" /><testcase classname="backend.tests.test_admin_status_driver_portal.TestDriverPortalAccessControl" name="test_driver_portal_deliveries_requires_auth" time="0.033" /><testcase classname="backend.tests.test_admin_status_driver_portal.TestDriverPortalAccessControl" name="test_driver_portal_status_requires_auth" time="0.072" /><testcase classname="backend.tests.test_admin_status_driver_portal.TestDriverPortalAccessControl" name="test_admin_cannot_access_driver_portal_as_driver" time="0.291" /><testcase classname="backend.tests.test_admin_status_driver_portal.TestAdminOrderStatusAccessControl" name="test_admin_status_update_requires_admin_role" time="0.287" /><testcase classname="backend.tests.test_admin_status_driver_portal.TestAdminOrderStatusAccessControl" name="test_admin_status_update_no_auth" time="0.036" /></testsuite></testsuites>