<?xml version="1.0" encoding="utf-8"?><testsuites name="pytest tests"><testsuite name="pytest" errors="0" failures="0" skipped="1" tests="12" time="10.142" timestamp="2026-02-14T06:44:05.142420+00:00" hostname="agent-env-367f6af8-601f-472d-bc5c-748626f42775"><testcase classname="tests.test_auto_assign_driver.TestAutoAssignAndDriverAssignment" name="test_auto_assign_by_borough_endpoint_exists" time="0.657" /><testcase classname="tests.test_auto_assign_driver.TestAutoAssignAndDriverAssignment" name="test_auto_assign_default_status" time="0.427" /><testcase classname="tests.test_auto_assign_driver.TestAutoAssignAndDriverAssignment" name="test_auto_assign_unauthorized" time="0.456" /><testcase classname="tests.test_auto_assign_driver.TestAutoAssignAndDriverAssignment" name="test_list_circuit_drivers" time="0.667" /><testcase classname="tests.test_auto_assign_driver.TestAutoAssignAndDriverAssignment" name="test_list_local_plans" time="0.447" /><testcase classname="tests.test_auto_assign_driver.TestAutoAssignAndDriverAssignment" name="test_create_gig_and_assign_driver" time="1.026"><skipped type="pytest.skip" message="Created plan missing plan_id">/app/backend/tests/test_auto_assign_driver.py:152: Created plan missing plan_id</skipped></testcase><testcase classname="tests.test_auto_assign_driver.TestAutoAssignAndDriverAssignment" name="test_assign_driver_invalid_plan" time="2.124" /><testcase classname="tests.test_auto_assign_driver.TestAutoAssignAndDriverAssignment" name="test_assign_driver_missing_driver_id" time="1.008" /><testcase classname="tests.test_auto_assign_driver.TestAutoAssignAndDriverAssignment" name="test_assign_driver_unauthorized" time="0.435" /><testcase classname="tests.test_auto_assign_driver.TestAutoAssignAndDriverAssignment" name="test_gig_has_borough_info" time="1.601" /><testcase classname="tests.test_auto_assign_driver.TestAutoAssignAndDriverAssignment" name="test_plan_shows_assigned_driver" time="0.435" /><testcase classname="tests.test_auto_assign_driver.TestBoroughOrderFiltering" name="test_orders_have_borough_prefix" time="0.797" /></testsuite></testsuites>