<?xml version="1.0" encoding="utf-8"?><testsuites name="pytest tests"><testsuite name="pytest" errors="0" failures="0" skipped="0" tests="14" time="8.975" timestamp="2026-02-12T11:01:17.228066+00:00" hostname="agent-env-c6d84186-eb19-4f27-8f1c-41ae35d097bd"><testcase classname="backend.tests.test_circuit_api.TestCircuitAPI" name="test_circuit_status_endpoint" time="0.675" /><testcase classname="backend.tests.test_circuit_api.TestCircuitAPI" name="test_health_shows_circuit_configured" time="0.270" /><testcase classname="backend.tests.test_circuit_api.TestCircuitAPI" name="test_list_circuit_drivers" time="0.471" /><testcase classname="backend.tests.test_circuit_api.TestCircuitAPI" name="test_list_local_route_plans" time="0.265" /><testcase classname="backend.tests.test_circuit_api.TestCircuitAPI" name="test_get_pending_orders_for_routing" time="0.274" /><testcase classname="backend.tests.test_circuit_api.TestCircuitAPI" name="test_pending_orders_with_filters" time="0.277" /><testcase classname="backend.tests.test_circuit_api.TestCircuitAPI" name="test_create_plan_for_date" time="0.710" /><testcase classname="backend.tests.test_circuit_api.TestCircuitAPI" name="test_create_plan_invalid_date" time="0.263" /><testcase classname="backend.tests.test_circuit_api.TestCircuitAPI" name="test_get_plan_full_status" time="1.140" /><testcase classname="backend.tests.test_circuit_api.TestCircuitAPI" name="test_batch_import_orders_to_plan" time="1.281" /><testcase classname="backend.tests.test_circuit_api.TestCircuitAPI" name="test_batch_import_empty_orders" time="0.279" /><testcase classname="backend.tests.test_circuit_api.TestCircuitAPI" name="test_delete_plan" time="0.727" /><testcase classname="backend.tests.test_circuit_api.TestCircuitAPI" name="test_optimize_and_distribute_endpoint" time="0.888" /><testcase classname="backend.tests.test_circuit_api.TestCircuitWorkflow" name="test_full_route_creation_workflow" time="1.372" /></testsuite></testsuites>