<?xml version="1.0" encoding="utf-8"?><testsuites name="pytest tests"><testsuite name="pytest" errors="0" failures="1" skipped="0" tests="14" time="9.513" timestamp="2026-02-12T10:58:12.608515+00:00" hostname="agent-env-c6d84186-eb19-4f27-8f1c-41ae35d097bd"><testcase classname="backend.tests.test_circuit_api.TestCircuitAPI" name="test_circuit_status_endpoint" time="0.642" /><testcase classname="backend.tests.test_circuit_api.TestCircuitAPI" name="test_health_shows_circuit_configured" time="0.268" /><testcase classname="backend.tests.test_circuit_api.TestCircuitAPI" name="test_list_circuit_drivers" time="0.577" /><testcase classname="backend.tests.test_circuit_api.TestCircuitAPI" name="test_list_local_route_plans" time="0.307" /><testcase classname="backend.tests.test_circuit_api.TestCircuitAPI" name="test_get_pending_orders_for_routing" time="0.271" /><testcase classname="backend.tests.test_circuit_api.TestCircuitAPI" name="test_pending_orders_with_filters" time="0.268" /><testcase classname="backend.tests.test_circuit_api.TestCircuitAPI" name="test_create_plan_for_date" time="0.705" /><testcase classname="backend.tests.test_circuit_api.TestCircuitAPI" name="test_create_plan_invalid_date" time="0.303" /><testcase classname="backend.tests.test_circuit_api.TestCircuitAPI" name="test_get_plan_full_status" time="1.178" /><testcase classname="backend.tests.test_circuit_api.TestCircuitAPI" name="test_batch_import_orders_to_plan" time="1.544" /><testcase classname="backend.tests.test_circuit_api.TestCircuitAPI" name="test_batch_import_empty_orders" time="0.285" /><testcase classname="backend.tests.test_circuit_api.TestCircuitAPI" name="test_delete_plan" time="0.754" /><testcase classname="backend.tests.test_circuit_api.TestCircuitAPI" name="test_optimize_and_distribute_endpoint" time="0.934"><failure message="assert 520 in [200, 400, 500]&#10; +  where 520 = &lt;Response [520]&gt;.status_code">backend/tests/test_circuit_api.py:293: in test_optimize_and_distribute_endpoint
    assert response.status_code in [200, 400, 500]
E   assert 520 in [200, 400, 500]
E    +  where 520 = &lt;Response [520]&gt;.status_code</failure></testcase><testcase classname="backend.tests.test_circuit_api.TestCircuitWorkflow" name="test_full_route_creation_workflow" time="1.380" /></testsuite></testsuites>