<?xml version="1.0" encoding="utf-8"?><testsuites name="pytest tests"><testsuite name="pytest" errors="0" failures="1" skipped="0" tests="24" time="14.878" timestamp="2026-02-14T05:58:53.681895+00:00" hostname="agent-env-f0d5e0a0-186d-4b27-b5f4-3cf57332e8a5"><testcase classname="backend.tests.test_comprehensive_rx_expresss.TestHealthAndBasicAPI" name="test_health_check" time="0.201" /><testcase classname="backend.tests.test_comprehensive_rx_expresss.TestHealthAndBasicAPI" name="test_api_root" time="0.100" /><testcase classname="backend.tests.test_comprehensive_rx_expresss.TestAdminAuthentication" name="test_admin_login_success" time="0.382" /><testcase classname="backend.tests.test_comprehensive_rx_expresss.TestAdminAuthentication" name="test_admin_login_invalid_password" time="0.346" /><testcase classname="backend.tests.test_comprehensive_rx_expresss.TestAdminAuthentication" name="test_admin_dashboard_access" time="0.462" /><testcase classname="backend.tests.test_comprehensive_rx_expresss.TestAdminOrdersManagement" name="test_list_all_orders" time="0.482" /><testcase classname="backend.tests.test_comprehensive_rx_expresss.TestAdminOrdersManagement" name="test_filter_orders_by_status_new" time="0.498" /><testcase classname="backend.tests.test_comprehensive_rx_expresss.TestAdminOrdersManagement" name="test_filter_orders_by_status_delivered" time="0.575" /><testcase classname="backend.tests.test_comprehensive_rx_expresss.TestAdminOrdersManagement" name="test_update_order_status" time="1.700" /><testcase classname="backend.tests.test_comprehensive_rx_expresss.TestAdminRouteManagement" name="test_circuit_status" time="1.126" /><testcase classname="backend.tests.test_comprehensive_rx_expresss.TestAdminRouteManagement" name="test_list_local_route_plans" time="0.451" /><testcase classname="backend.tests.test_comprehensive_rx_expresss.TestAdminRouteManagement" name="test_get_pending_orders_for_routing" time="0.448" /><testcase classname="backend.tests.test_comprehensive_rx_expresss.TestAdminRouteManagement" name="test_create_route_plan" time="0.735"><failure message="AssertionError: assert ('plan_id' in {'local_id': '39e7b368-c015-4641-b061-3b33fd964edb', 'message': 'Plan created successfully', 'plan': {'depot': 'depots/NOltkMX3RIKBQHm8YO7p', 'distributed': False, 'drivers': [], 'id': 'plans/3mxCWMZOipFh72LkLLjd', ...}} or 'circuit_plan_id' in {'local_id': '39e7b368-c015-4641-b061-3b33fd964edb', 'message': 'Plan created successfully', 'plan': {'depot': 'depots/NOltkMX3RIKBQHm8YO7p', 'distributed': False, 'drivers': [], 'id': 'plans/3mxCWMZOipFh72LkLLjd', ...}})">backend/tests/test_comprehensive_rx_expresss.py:228: in test_create_route_plan
    assert "plan_id" in data or "circuit_plan_id" in data
E   AssertionError: assert ('plan_id' in {'local_id': '39e7b368-c015-4641-b061-3b33fd964edb', 'message': 'Plan created successfully', 'plan': {'depot': 'depots/NOltkMX3RIKBQHm8YO7p', 'distributed': False, 'drivers': [], 'id': 'plans/3mxCWMZOipFh72LkLLjd', ...}} or 'circuit_plan_id' in {'local_id': '39e7b368-c015-4641-b061-3b33fd964edb', 'message': 'Plan created successfully', 'plan': {'depot': 'depots/NOltkMX3RIKBQHm8YO7p', 'distributed': False, 'drivers': [], 'id': 'plans/3mxCWMZOipFh72LkLLjd', ...}})</failure></testcase><testcase classname="backend.tests.test_comprehensive_rx_expresss.TestPharmacyPortal" name="test_pharmacy_login_success" time="0.322" /><testcase classname="backend.tests.test_comprehensive_rx_expresss.TestPharmacyPortal" name="test_pharmacy_create_order" time="0.558" /><testcase classname="backend.tests.test_comprehensive_rx_expresss.TestDriverPortal" name="test_driver_login_success" time="0.337" /><testcase classname="backend.tests.test_comprehensive_rx_expresss.TestDriverPortal" name="test_driver_get_profile" time="0.457" /><testcase classname="backend.tests.test_comprehensive_rx_expresss.TestDriverPortal" name="test_driver_get_deliveries" time="0.445" /><testcase classname="backend.tests.test_comprehensive_rx_expresss.TestDriverPortal" name="test_driver_update_status" time="0.446" /><testcase classname="backend.tests.test_comprehensive_rx_expresss.TestQRCodeScanning" name="test_scan_package_pickup" time="0.579" /><testcase classname="backend.tests.test_comprehensive_rx_expresss.TestOrderStatusFlow" name="test_full_status_flow" time="2.396" /><testcase classname="backend.tests.test_comprehensive_rx_expresss.TestBulkOrderSelection" name="test_get_multiple_orders_for_bulk_ops" time="0.559" /><testcase classname="backend.tests.test_comprehensive_rx_expresss.TestCircuitDrivers" name="test_get_circuit_drivers" time="0.678" /><testcase classname="backend.tests.test_comprehensive_rx_expresss.TestCircuitDrivers" name="test_list_admin_drivers" time="0.473" /></testsuite></testsuites>