<?xml version="1.0" encoding="utf-8"?><testsuites name="pytest tests"><testsuite name="pytest" errors="0" failures="0" skipped="0" tests="24" time="12.604" timestamp="2026-02-14T06:01:48.261244+00:00" hostname="agent-env-f0d5e0a0-186d-4b27-b5f4-3cf57332e8a5"><testcase classname="backend.tests.test_comprehensive_rx_expresss.TestHealthAndBasicAPI" name="test_health_check" time="0.153" /><testcase classname="backend.tests.test_comprehensive_rx_expresss.TestHealthAndBasicAPI" name="test_api_root" time="0.116" /><testcase classname="backend.tests.test_comprehensive_rx_expresss.TestAdminAuthentication" name="test_admin_login_success" time="0.360" /><testcase classname="backend.tests.test_comprehensive_rx_expresss.TestAdminAuthentication" name="test_admin_login_invalid_password" time="0.355" /><testcase classname="backend.tests.test_comprehensive_rx_expresss.TestAdminAuthentication" name="test_admin_dashboard_access" time="0.457" /><testcase classname="backend.tests.test_comprehensive_rx_expresss.TestAdminOrdersManagement" name="test_list_all_orders" time="0.475" /><testcase classname="backend.tests.test_comprehensive_rx_expresss.TestAdminOrdersManagement" name="test_filter_orders_by_status_new" time="0.447" /><testcase classname="backend.tests.test_comprehensive_rx_expresss.TestAdminOrdersManagement" name="test_filter_orders_by_status_delivered" time="0.442" /><testcase classname="backend.tests.test_comprehensive_rx_expresss.TestAdminOrdersManagement" name="test_update_order_status" time="0.656" /><testcase classname="backend.tests.test_comprehensive_rx_expresss.TestAdminRouteManagement" name="test_circuit_status" time="0.733" /><testcase classname="backend.tests.test_comprehensive_rx_expresss.TestAdminRouteManagement" name="test_list_local_route_plans" time="0.507" /><testcase classname="backend.tests.test_comprehensive_rx_expresss.TestAdminRouteManagement" name="test_get_pending_orders_for_routing" time="0.452" /><testcase classname="backend.tests.test_comprehensive_rx_expresss.TestAdminRouteManagement" name="test_create_route_plan" time="0.999" /><testcase classname="backend.tests.test_comprehensive_rx_expresss.TestPharmacyPortal" name="test_pharmacy_login_success" time="0.348" /><testcase classname="backend.tests.test_comprehensive_rx_expresss.TestPharmacyPortal" name="test_pharmacy_create_order" time="0.544" /><testcase classname="backend.tests.test_comprehensive_rx_expresss.TestDriverPortal" name="test_driver_login_success" time="0.375" /><testcase classname="backend.tests.test_comprehensive_rx_expresss.TestDriverPortal" name="test_driver_get_profile" time="0.446" /><testcase classname="backend.tests.test_comprehensive_rx_expresss.TestDriverPortal" name="test_driver_get_deliveries" time="0.616" /><testcase classname="backend.tests.test_comprehensive_rx_expresss.TestDriverPortal" name="test_driver_update_status" time="0.452" /><testcase classname="backend.tests.test_comprehensive_rx_expresss.TestQRCodeScanning" name="test_scan_package_pickup" time="0.583" /><testcase classname="backend.tests.test_comprehensive_rx_expresss.TestOrderStatusFlow" name="test_full_status_flow" time="1.330" /><testcase classname="backend.tests.test_comprehensive_rx_expresss.TestBulkOrderSelection" name="test_get_multiple_orders_for_bulk_ops" time="0.566" /><testcase classname="backend.tests.test_comprehensive_rx_expresss.TestCircuitDrivers" name="test_get_circuit_drivers" time="0.666" /><testcase classname="backend.tests.test_comprehensive_rx_expresss.TestCircuitDrivers" name="test_list_admin_drivers" time="0.453" /></testsuite></testsuites>