<?xml version="1.0" encoding="utf-8"?><testsuites name="pytest tests"><testsuite name="pytest" errors="0" failures="2" skipped="0" tests="9" time="3.610" timestamp="2026-02-14T07:29:12.323201+00:00" hostname="agent-env-d68b206a-fa0a-4231-98fe-e25b60112a2e"><testcase classname="backend.tests.test_copay_and_pickup_scan.TestAuth" name="test_driver_login" time="0.388" /><testcase classname="backend.tests.test_copay_and_pickup_scan.TestAuth" name="test_admin_login" time="0.329" /><testcase classname="backend.tests.test_copay_and_pickup_scan.TestDriverPortalAPI" name="test_driver_profile_endpoint" time="0.469" /><testcase classname="backend.tests.test_copay_and_pickup_scan.TestDriverPortalAPI" name="test_driver_deliveries_endpoint" time="0.106" /><testcase classname="backend.tests.test_copay_and_pickup_scan.TestQRScanAPI" name="test_scan_endpoint_exists" time="0.433" /><testcase classname="backend.tests.test_copay_and_pickup_scan.TestQRScanAPI" name="test_scan_pickup_changes_status" time="0.649"><failure message="assert 403 == 200&#10; +  where 403 = &lt;Response [403]&gt;.status_code">backend/tests/test_copay_and_pickup_scan.py:161: in test_scan_pickup_changes_status
    assert response.status_code == 200
E   assert 403 == 200
E    +  where 403 = &lt;Response [403]&gt;.status_code</failure></testcase><testcase classname="backend.tests.test_copay_and_pickup_scan.TestCopayFeature" name="test_copay_field_in_order" time="0.545"><failure message="assert 403 == 200&#10; +  where 403 = &lt;Response [403]&gt;.status_code">backend/tests/test_copay_and_pickup_scan.py:256: in test_copay_field_in_order
    assert response.status_code == 200
E   assert 403 == 200
E    +  where 403 = &lt;Response [403]&gt;.status_code</failure></testcase><testcase classname="backend.tests.test_copay_and_pickup_scan.TestCopayFeature" name="test_admin_dashboard_copay_stats" time="0.124" /><testcase classname="backend.tests.test_copay_and_pickup_scan.TestPickupTabAPI" name="test_deliveries_endpoint_returns_pickup_eligible_orders" time="0.473" /></testsuite></testsuites>