<?xml version="1.0" encoding="utf-8"?><testsuites name="pytest tests"><testsuite name="pytest" errors="0" failures="0" skipped="0" tests="9" time="3.765" timestamp="2026-02-14T07:33:18.997613+00:00" hostname="agent-env-d68b206a-fa0a-4231-98fe-e25b60112a2e"><testcase classname="backend.tests.test_copay_and_pickup_scan.TestAuth" name="test_driver_login" time="0.425" /><testcase classname="backend.tests.test_copay_and_pickup_scan.TestAuth" name="test_admin_login" time="0.334" /><testcase classname="backend.tests.test_copay_and_pickup_scan.TestDriverPortalAPI" name="test_driver_profile_endpoint" time="0.422" /><testcase classname="backend.tests.test_copay_and_pickup_scan.TestDriverPortalAPI" name="test_driver_deliveries_endpoint" time="0.125" /><testcase classname="backend.tests.test_copay_and_pickup_scan.TestQRScanAPI" name="test_scan_endpoint_exists" time="0.451" /><testcase classname="backend.tests.test_copay_and_pickup_scan.TestQRScanAPI" name="test_scan_pickup_changes_status" time="0.980" /><testcase classname="backend.tests.test_copay_and_pickup_scan.TestCopayFeature" name="test_copay_field_in_order" time="0.440" /><testcase classname="backend.tests.test_copay_and_pickup_scan.TestCopayFeature" name="test_admin_dashboard_copay_stats" time="0.100" /><testcase classname="backend.tests.test_copay_and_pickup_scan.TestPickupTabAPI" name="test_deliveries_endpoint_returns_pickup_eligible_orders" time="0.423" /></testsuite></testsuites>