<?xml version="1.0" encoding="utf-8"?><testsuites name="pytest tests"><testsuite name="pytest" errors="0" failures="0" skipped="0" tests="15" time="2.811" timestamp="2026-02-12T12:16:50.072582+00:00" hostname="agent-env-eed9a654-1ee2-44f8-b19c-9aed28573384"><testcase classname="backend.tests.test_copay_tracking.TestCopayTracking" name="test_01_admin_login" time="0.305" /><testcase classname="backend.tests.test_copay_tracking.TestCopayTracking" name="test_02_pharmacy_login" time="0.257" /><testcase classname="backend.tests.test_copay_tracking.TestCopayTracking" name="test_03_driver_login" time="0.258" /><testcase classname="backend.tests.test_copay_tracking.TestCopayTracking" name="test_04_get_initial_dashboard_stats" time="0.343" /><testcase classname="backend.tests.test_copay_tracking.TestCopayTracking" name="test_05_create_order_with_copay" time="0.298" /><testcase classname="backend.tests.test_copay_tracking.TestCopayTracking" name="test_06_verify_order_has_copay" time="0.039" /><testcase classname="backend.tests.test_copay_tracking.TestCopayTracking" name="test_07_dashboard_shows_copay_to_collect" time="0.043" /><testcase classname="backend.tests.test_copay_tracking.TestCopayTracking" name="test_08_assign_driver_to_order" time="0.079" /><testcase classname="backend.tests.test_copay_tracking.TestCopayTracking" name="test_09_driver_collect_copay" time="0.289" /><testcase classname="backend.tests.test_copay_tracking.TestCopayTracking" name="test_10_verify_order_copay_collected" time="0.034" /><testcase classname="backend.tests.test_copay_tracking.TestCopayTracking" name="test_11_dashboard_shows_copay_collected" time="0.043" /><testcase classname="backend.tests.test_copay_tracking.TestCopayTracking" name="test_12_cannot_collect_copay_twice" time="0.032" /><testcase classname="backend.tests.test_copay_tracking.TestCopayEdgeCases" name="test_create_order_without_copay" time="0.332" /><testcase classname="backend.tests.test_copay_tracking.TestCopayEdgeCases" name="test_create_order_with_zero_copay" time="0.072" /><testcase classname="backend.tests.test_copay_tracking.TestCopayEdgeCases" name="test_dashboard_copay_aggregation" time="0.302" /></testsuite></testsuites>