<?xml version="1.0" encoding="utf-8"?><testsuites name="pytest tests"><testsuite name="pytest" errors="0" failures="0" skipped="0" tests="16" time="4.315" timestamp="2026-02-16T13:31:08.063527+00:00" hostname="agent-env-8565893c-3165-4abc-922f-24d21bd51417"><testcase classname="backend.tests.test_dotnet_backend.TestHealthCheck" name="test_health_endpoint_returns_200" time="0.174" /><testcase classname="backend.tests.test_dotnet_backend.TestAuthentication" name="test_admin_login_success" time="0.641" /><testcase classname="backend.tests.test_dotnet_backend.TestAuthentication" name="test_pharmacy_login_success" time="0.477" /><testcase classname="backend.tests.test_dotnet_backend.TestAuthentication" name="test_driver_login_success" time="0.414" /><testcase classname="backend.tests.test_dotnet_backend.TestAuthentication" name="test_invalid_credentials_returns_401" time="0.116" /><testcase classname="backend.tests.test_dotnet_backend.TestAuthentication" name="test_get_current_user_with_valid_token" time="0.538" /><testcase classname="backend.tests.test_dotnet_backend.TestAdminDashboard" name="test_dashboard_returns_stats_object" time="0.233" /><testcase classname="backend.tests.test_dotnet_backend.TestAdminDashboard" name="test_admin_orders_returns_orders_list" time="0.127" /><testcase classname="backend.tests.test_dotnet_backend.TestAdminDashboard" name="test_admin_drivers_returns_drivers_list" time="0.137" /><testcase classname="backend.tests.test_dotnet_backend.TestAdminDashboard" name="test_admin_users_returns_users_list" time="0.154" /><testcase classname="backend.tests.test_dotnet_backend.TestCircuitRouting" name="test_route_plans_returns_plans_list" time="0.178" /><testcase classname="backend.tests.test_dotnet_backend.TestCircuitRouting" name="test_circuit_drivers_returns_drivers_list" time="0.178" /><testcase classname="backend.tests.test_dotnet_backend.TestCircuitRouting" name="test_pending_orders_returns_orders" time="0.185" /><testcase classname="backend.tests.test_dotnet_backend.TestPricing" name="test_active_pricing_no_auth_required" time="0.112" /><testcase classname="backend.tests.test_dotnet_backend.TestAPIStructure" name="test_snake_case_response_keys" time="0.130" /><testcase classname="backend.tests.test_dotnet_backend.TestAPIStructure" name="test_token_structure_jwt" time="0.405" /></testsuite></testsuites>