<?xml version="1.0" encoding="utf-8"?><testsuites name="pytest tests"><testsuite name="pytest" errors="0" failures="0" skipped="0" tests="11" time="6.380" timestamp="2026-02-14T09:15:23.163487+00:00" hostname="agent-env-20f2ef3d-685a-4e36-97a7-b215d0ebf09d"><testcase classname="backend.tests.test_gig_management.TestGigManagement" name="test_edit_gig_endpoint_exists" time="0.625" /><testcase classname="backend.tests.test_gig_management.TestGigManagement" name="test_edit_gig_update_date" time="0.518" /><testcase classname="backend.tests.test_gig_management.TestGigManagement" name="test_edit_gig_nonexistent_plan_returns_404" time="0.450" /><testcase classname="backend.tests.test_gig_management.TestGigManagement" name="test_unlink_order_endpoint_exists" time="0.548" /><testcase classname="backend.tests.test_gig_management.TestGigManagement" name="test_unlink_order_nonexistent_returns_404" time="0.417" /><testcase classname="backend.tests.test_gig_management.TestGigManagement" name="test_delete_gig_endpoint_exists" time="0.856" /><testcase classname="backend.tests.test_gig_management.TestGigManagement" name="test_list_local_plans" time="0.625" /><testcase classname="backend.tests.test_gig_management.TestGigManagement" name="test_assign_driver_to_gig_endpoint" time="0.855" /><testcase classname="backend.tests.test_gig_management.TestScheduledDeliveryDatePicker" name="test_scheduled_delivery_requires_date" time="0.469" /><testcase classname="backend.tests.test_gig_management.TestDriverPortalPOD" name="test_driver_portal_accessible" time="0.451" /><testcase classname="backend.tests.test_gig_management.TestDriverPortalPOD" name="test_driver_can_get_deliveries" time="0.506" /></testsuite></testsuites>