<?xml version="1.0" encoding="utf-8"?><testsuites name="pytest tests"><testsuite name="pytest" errors="0" failures="1" skipped="0" tests="11" time="6.619" timestamp="2026-02-14T09:10:31.925514+00:00" hostname="agent-env-20f2ef3d-685a-4e36-97a7-b215d0ebf09d"><testcase classname="backend.tests.test_gig_management.TestGigManagement" name="test_edit_gig_endpoint_exists" time="0.738" /><testcase classname="backend.tests.test_gig_management.TestGigManagement" name="test_edit_gig_update_date" time="0.668" /><testcase classname="backend.tests.test_gig_management.TestGigManagement" name="test_edit_gig_nonexistent_plan_returns_404" time="0.574" /><testcase classname="backend.tests.test_gig_management.TestGigManagement" name="test_unlink_order_endpoint_exists" time="0.550"><failure message="AssertionError: Failed to list orders: 403&#10;assert 403 == 200&#10; +  where 403 = &lt;Response [403]&gt;.status_code">backend/tests/test_gig_management.py:122: in test_unlink_order_endpoint_exists
    assert response.status_code == 200, f"Failed to list orders: {response.status_code}"
E   AssertionError: Failed to list orders: 403
E   assert 403 == 200
E    +  where 403 = &lt;Response [403]&gt;.status_code</failure></testcase><testcase classname="backend.tests.test_gig_management.TestGigManagement" name="test_unlink_order_nonexistent_returns_404" time="0.485" /><testcase classname="backend.tests.test_gig_management.TestGigManagement" name="test_delete_gig_endpoint_exists" time="0.826" /><testcase classname="backend.tests.test_gig_management.TestGigManagement" name="test_list_local_plans" time="0.468" /><testcase classname="backend.tests.test_gig_management.TestGigManagement" name="test_assign_driver_to_gig_endpoint" time="0.893" /><testcase classname="backend.tests.test_gig_management.TestScheduledDeliveryDatePicker" name="test_scheduled_delivery_requires_date" time="0.449" /><testcase classname="backend.tests.test_gig_management.TestDriverPortalPOD" name="test_driver_portal_accessible" time="0.443" /><testcase classname="backend.tests.test_gig_management.TestDriverPortalPOD" name="test_driver_can_get_deliveries" time="0.442" /></testsuite></testsuites>