<?xml version="1.0" encoding="utf-8"?><testsuites name="pytest tests"><testsuite name="pytest" errors="0" failures="0" skipped="0" tests="17" time="44.000" timestamp="2026-02-12T10:28:30.347590+00:00" hostname="agent-env-c6d84186-eb19-4f27-8f1c-41ae35d097bd"><testcase classname="backend.tests.test_maps_pod_locations.TestGoogleMapsAPI" name="test_geocode_valid_address" time="0.150" /><testcase classname="backend.tests.test_maps_pod_locations.TestGoogleMapsAPI" name="test_geocode_new_york_address" time="0.153" /><testcase classname="backend.tests.test_maps_pod_locations.TestGoogleMapsAPI" name="test_geocode_invalid_address" time="0.101" /><testcase classname="backend.tests.test_maps_pod_locations.TestPharmacyLocations" name="test_get_pharmacy_locations" time="0.587" /><testcase classname="backend.tests.test_maps_pod_locations.TestPharmacyLocations" name="test_add_pharmacy_location" time="0.587" /><testcase classname="backend.tests.test_maps_pod_locations.TestPharmacyLocations" name="test_update_pharmacy_location" time="0.660" /><testcase classname="backend.tests.test_maps_pod_locations.TestPharmacyLocations" name="test_delete_pharmacy_location" time="0.655" /><testcase classname="backend.tests.test_maps_pod_locations.TestPharmacyLocations" name="test_location_not_found" time="0.574" /><testcase classname="backend.tests.test_maps_pod_locations.TestPharmacyLocations" name="test_unauthorized_location_update" time="0.623" /><testcase classname="backend.tests.test_maps_pod_locations.TestDriverPortalPOD" name="test_driver_portal_profile" time="0.661" /><testcase classname="backend.tests.test_maps_pod_locations.TestDriverPortalPOD" name="test_driver_portal_deliveries" time="0.992" /><testcase classname="backend.tests.test_maps_pod_locations.TestDriverPortalPOD" name="test_driver_update_location" time="0.577" /><testcase classname="backend.tests.test_maps_pod_locations.TestDriverPortalPOD" name="test_driver_update_status" time="35.248" /><testcase classname="backend.tests.test_maps_pod_locations.TestDriverPortalPOD" name="test_pod_submission_requires_delivery" time="0.667" /><testcase classname="backend.tests.test_maps_pod_locations.TestDriverPortalPOD" name="test_pod_endpoint_structure" time="0.584" /><testcase classname="backend.tests.test_maps_pod_locations.TestDriverDeliveryWorkflow" name="test_complete_delivery_workflow" time="1.094" /><testcase classname="backend.tests.test_maps_pod_locations.TestHealthCheck" name="test_health_check" time="0.030" /></testsuite></testsuites>