<?xml version="1.0" encoding="utf-8"?><testsuites name="pytest tests"><testsuite name="pytest" errors="0" failures="1" skipped="0" tests="17" time="8.870" timestamp="2026-02-12T10:26:58.426859+00:00" hostname="agent-env-c6d84186-eb19-4f27-8f1c-41ae35d097bd"><testcase classname="backend.tests.test_maps_pod_locations.TestGoogleMapsAPI" name="test_geocode_valid_address" time="0.160" /><testcase classname="backend.tests.test_maps_pod_locations.TestGoogleMapsAPI" name="test_geocode_new_york_address" time="0.176" /><testcase classname="backend.tests.test_maps_pod_locations.TestGoogleMapsAPI" name="test_geocode_invalid_address" time="0.125" /><testcase classname="backend.tests.test_maps_pod_locations.TestPharmacyLocations" name="test_get_pharmacy_locations" time="0.698" /><testcase classname="backend.tests.test_maps_pod_locations.TestPharmacyLocations" name="test_add_pharmacy_location" time="0.599" /><testcase classname="backend.tests.test_maps_pod_locations.TestPharmacyLocations" name="test_update_pharmacy_location" time="0.688" /><testcase classname="backend.tests.test_maps_pod_locations.TestPharmacyLocations" name="test_delete_pharmacy_location" time="0.657" /><testcase classname="backend.tests.test_maps_pod_locations.TestPharmacyLocations" name="test_location_not_found" time="0.585" /><testcase classname="backend.tests.test_maps_pod_locations.TestPharmacyLocations" name="test_unauthorized_location_update" time="0.608" /><testcase classname="backend.tests.test_maps_pod_locations.TestDriverPortalPOD" name="test_driver_portal_profile" time="0.591" /><testcase classname="backend.tests.test_maps_pod_locations.TestDriverPortalPOD" name="test_driver_portal_deliveries" time="0.604" /><testcase classname="backend.tests.test_maps_pod_locations.TestDriverPortalPOD" name="test_driver_update_location" time="0.587" /><testcase classname="backend.tests.test_maps_pod_locations.TestDriverPortalPOD" name="test_driver_update_status" time="0.573" /><testcase classname="backend.tests.test_maps_pod_locations.TestDriverPortalPOD" name="test_pod_submission_requires_delivery" time="0.579" /><testcase classname="backend.tests.test_maps_pod_locations.TestDriverPortalPOD" name="test_pod_endpoint_structure" time="0.586" /><testcase classname="backend.tests.test_maps_pod_locations.TestDriverDeliveryWorkflow" name="test_complete_delivery_workflow" time="0.913"><failure message="AssertionError: Failed to assign driver: Internal Server Error&#10;assert 520 == 200&#10; +  where 520 = &lt;Response [520]&gt;.status_code">backend/tests/test_maps_pod_locations.py:487: in test_complete_delivery_workflow
    assert response.status_code == 200, f"Failed to assign driver: {response.text}"
E   AssertionError: Failed to assign driver: Internal Server Error
E   assert 520 == 200
E    +  where 520 = &lt;Response [520]&gt;.status_code</failure></testcase><testcase classname="backend.tests.test_maps_pod_locations.TestHealthCheck" name="test_health_check" time="0.036" /></testsuite></testsuites>