<?xml version="1.0" encoding="utf-8"?><testsuites name="pytest tests"><testsuite name="pytest" errors="0" failures="3" skipped="0" tests="14" time="2.467" timestamp="2026-02-15T07:22:09.516758+00:00" hostname="agent-env-8565893c-3165-4abc-922f-24d21bd51417"><testcase classname="tests.test_pwa_setup.TestPWAAssets" name="test_manifest_json_accessible" time="0.154" /><testcase classname="tests.test_pwa_setup.TestPWAAssets" name="test_service_worker_accessible" time="0.101" /><testcase classname="tests.test_pwa_setup.TestPWAAssets" name="test_offline_html_accessible" time="0.103" /><testcase classname="tests.test_pwa_setup.TestPWAIcons" name="test_icon_192x192_accessible" time="0.108" /><testcase classname="tests.test_pwa_setup.TestPWAIcons" name="test_icon_512x512_accessible" time="0.127" /><testcase classname="tests.test_pwa_setup.TestPWAIcons" name="test_apple_touch_icon_accessible" time="0.108" /><testcase classname="tests.test_pwa_setup.TestPWAIcons" name="test_favicon_accessible" time="0.107" /><testcase classname="tests.test_pwa_setup.TestPWAIcons" name="test_maskable_icons_accessible" time="0.227" /><testcase classname="tests.test_pwa_setup.TestAPIHealth" name="test_api_health_endpoint" time="0.120" /><testcase classname="tests.test_pwa_setup.TestAuthFlow" name="test_admin_login_success" time="0.349"><failure message="AssertionError: Login response should include token&#10;assert 'token' in {'access_token': 'eyJhbGciOiJIUzI1NiIsInR5cCI6IkpXVCJ9.eyJzdWIiOiI4MDkzYzcyOC00ZDQ5LTRmZTAtOWEyZC1kZDZmYjVlMTMwYTQiLCJlbWFpbCI6ImFkbWluQHJ4ZXhwcmVzc3MuY29tIiwicm9sZSI6ImFkbWluIiwiZXhwIjoxNzcxNzQ0OTMxfQ.AKCmHcStXxLabC8xo4Td9Pk-3z8pk4wKT34JnNsJNho', 'token_type': 'bearer', 'user': {'created_at': '2026-02-12T07:19:04.776134Z', 'email': 'admin@rxexpresss.com', 'first_name': 'Admin', 'id': '8093c728-4d49-4fe0-9a2d-dd6fb5e130a4', ...}}">tests/test_pwa_setup.py:117: in test_admin_login_success
    assert "token" in data, "Login response should include token"
E   AssertionError: Login response should include token
E   assert 'token' in {'access_token': 'eyJhbGciOiJIUzI1NiIsInR5cCI6IkpXVCJ9.eyJzdWIiOiI4MDkzYzcyOC00ZDQ5LTRmZTAtOWEyZC1kZDZmYjVlMTMwYTQiLCJlbWFpbCI6ImFkbWluQHJ4ZXhwcmVzc3MuY29tIiwicm9sZSI6ImFkbWluIiwiZXhwIjoxNzcxNzQ0OTMxfQ.AKCmHcStXxLabC8xo4Td9Pk-3z8pk4wKT34JnNsJNho', 'token_type': 'bearer', 'user': {'created_at': '2026-02-12T07:19:04.776134Z', 'email': 'admin@rxexpresss.com', 'first_name': 'Admin', 'id': '8093c728-4d49-4fe0-9a2d-dd6fb5e130a4', ...}}</failure></testcase><testcase classname="tests.test_pwa_setup.TestAuthFlow" name="test_pharmacy_login_success" time="0.321"><failure message="AssertionError: Login response should include token&#10;assert 'token' in {'access_token': 'eyJhbGciOiJIUzI1NiIsInR5cCI6IkpXVCJ9.eyJzdWIiOiJkZmYzZTYxOS00YmZjLTQzMTUtYjg1NC0wZWI2N2QwODEwOGIiLCJlbWFpbCI6InBoYXJtYWN5QHRlc3QuY29tIiwicm9sZSI6InBoYXJtYWN5IiwiZXhwIjoxNzcxNzQ0OTMxfQ.wYOkLXN7wTyDF1XDX1wJ9KiDfOMU7aEWiHGCN4PLU80', 'token_type': 'bearer', 'user': {'created_at': '2026-02-12T05:32:47.701972Z', 'email': 'pharmacy@test.com', 'first_name': 'CVS', 'id': 'dff3e619-4bfc-4315-b854-0eb67d08108b', ...}}">tests/test_pwa_setup.py:134: in test_pharmacy_login_success
    assert "token" in data, "Login response should include token"
E   AssertionError: Login response should include token
E   assert 'token' in {'access_token': 'eyJhbGciOiJIUzI1NiIsInR5cCI6IkpXVCJ9.eyJzdWIiOiJkZmYzZTYxOS00YmZjLTQzMTUtYjg1NC0wZWI2N2QwODEwOGIiLCJlbWFpbCI6InBoYXJtYWN5QHRlc3QuY29tIiwicm9sZSI6InBoYXJtYWN5IiwiZXhwIjoxNzcxNzQ0OTMxfQ.wYOkLXN7wTyDF1XDX1wJ9KiDfOMU7aEWiHGCN4PLU80', 'token_type': 'bearer', 'user': {'created_at': '2026-02-12T05:32:47.701972Z', 'email': 'pharmacy@test.com', 'first_name': 'CVS', 'id': 'dff3e619-4bfc-4315-b854-0eb67d08108b', ...}}</failure></testcase><testcase classname="tests.test_pwa_setup.TestAuthFlow" name="test_driver_login_success" time="0.336"><failure message="AssertionError: Login response should include token&#10;assert 'token' in {'access_token': 'eyJhbGciOiJIUzI1NiIsInR5cCI6IkpXVCJ9.eyJzdWIiOiI5YmU2NGY3Zi0xMDkwLTQyYzctYTdjNC1mNmIzM2VjNmM2NjAiLCJlbWFpbCI6ImRyaXZlckB0ZXN0LmNvbSIsInJvbGUiOiJkcml2ZXIiLCJleHAiOjE3NzE3NDQ5MzF9.-ttmv_rljj21kclgMzAo8Hsf7wNnLW2lW6JIXw2SGqQ', 'token_type': 'bearer', 'user': {'created_at': '2026-02-12T05:33:21.823570Z', 'email': 'driver@test.com', 'first_name': 'Mike', 'id': '9be64f7f-1090-42c7-a7c4-f6b33ec6c660', ...}}">tests/test_pwa_setup.py:150: in test_driver_login_success
    assert "token" in data, "Login response should include token"
E   AssertionError: Login response should include token
E   assert 'token' in {'access_token': 'eyJhbGciOiJIUzI1NiIsInR5cCI6IkpXVCJ9.eyJzdWIiOiI5YmU2NGY3Zi0xMDkwLTQyYzctYTdjNC1mNmIzM2VjNmM2NjAiLCJlbWFpbCI6ImRyaXZlckB0ZXN0LmNvbSIsInJvbGUiOiJkcml2ZXIiLCJleHAiOjE3NzE3NDQ5MzF9.-ttmv_rljj21kclgMzAo8Hsf7wNnLW2lW6JIXw2SGqQ', 'token_type': 'bearer', 'user': {'created_at': '2026-02-12T05:33:21.823570Z', 'email': 'driver@test.com', 'first_name': 'Mike', 'id': '9be64f7f-1090-42c7-a7c4-f6b33ec6c660', ...}}</failure></testcase><testcase classname="tests.test_pwa_setup.TestAuthFlow" name="test_login_invalid_credentials" time="0.097" /><testcase classname="tests.test_pwa_setup.TestHTMLMetaTags" name="test_homepage_contains_pwa_meta_tags" time="0.119" /></testsuite></testsuites>