<?xml version="1.0" encoding="utf-8"?><testsuites name="pytest tests"><testsuite name="pytest" errors="0" failures="0" skipped="0" tests="14" time="2.501" timestamp="2026-02-15T07:22:30.776197+00:00" hostname="agent-env-8565893c-3165-4abc-922f-24d21bd51417"><testcase classname="tests.test_pwa_setup.TestPWAAssets" name="test_manifest_json_accessible" time="0.123" /><testcase classname="tests.test_pwa_setup.TestPWAAssets" name="test_service_worker_accessible" time="0.112" /><testcase classname="tests.test_pwa_setup.TestPWAAssets" name="test_offline_html_accessible" time="0.105" /><testcase classname="tests.test_pwa_setup.TestPWAIcons" name="test_icon_192x192_accessible" time="0.096" /><testcase classname="tests.test_pwa_setup.TestPWAIcons" name="test_icon_512x512_accessible" time="0.133" /><testcase classname="tests.test_pwa_setup.TestPWAIcons" name="test_apple_touch_icon_accessible" time="0.097" /><testcase classname="tests.test_pwa_setup.TestPWAIcons" name="test_favicon_accessible" time="0.138" /><testcase classname="tests.test_pwa_setup.TestPWAIcons" name="test_maskable_icons_accessible" time="0.232" /><testcase classname="tests.test_pwa_setup.TestAPIHealth" name="test_api_health_endpoint" time="0.148" /><testcase classname="tests.test_pwa_setup.TestAuthFlow" name="test_admin_login_success" time="0.382" /><testcase classname="tests.test_pwa_setup.TestAuthFlow" name="test_pharmacy_login_success" time="0.335" /><testcase classname="tests.test_pwa_setup.TestAuthFlow" name="test_driver_login_success" time="0.325" /><testcase classname="tests.test_pwa_setup.TestAuthFlow" name="test_login_invalid_credentials" time="0.097" /><testcase classname="tests.test_pwa_setup.TestHTMLMetaTags" name="test_homepage_contains_pwa_meta_tags" time="0.116" /></testsuite></testsuites>