<?xml version="1.0" encoding="utf-8"?><testsuites name="pytest tests"><testsuite name="pytest" errors="0" failures="0" skipped="1" tests="11" time="0.698" timestamp="2026-03-16T11:35:27.925596+00:00" hostname="agent-env-0c554664-3b57-4a7d-95e9-9a34e94e4edf"><testcase classname="backend.tests.test_rx_features.TestAuthentication" name="test_admin_login" time="0.049" /><testcase classname="backend.tests.test_rx_features.TestAuthentication" name="test_driver_login" time="0.047" /><testcase classname="backend.tests.test_rx_features.TestAdminOrders" name="test_get_orders_includes_is_refrigerated" time="0.050" /><testcase classname="backend.tests.test_rx_features.TestAdminOrders" name="test_update_order_refrigerated_status" time="0.055" /><testcase classname="backend.tests.test_rx_features.TestAdminOrders" name="test_orders_can_be_filtered" time="0.052" /><testcase classname="backend.tests.test_rx_features.TestDriverDeliveries" name="test_deliveries_excludes_in_transit" time="0.049" /><testcase classname="backend.tests.test_rx_features.TestDriverDeliveries" name="test_deliveries_includes_is_refrigerated" time="0.049" /><testcase classname="backend.tests.test_rx_features.TestDriverDeliveries" name="test_delivery_history_endpoint" time="0.049" /><testcase classname="backend.tests.test_rx_features.TestInTransitWorkflow" name="test_in_transit_unassigns_driver" time="0.095"><skipped type="pytest.skip" message="No assigned orders available for testing">/app/backend/tests/test_rx_features.py:180: No assigned orders available for testing</skipped></testcase><testcase classname="backend.tests.test_rx_features.TestRefrigeratedOrders" name="test_refrigerated_order_exists" time="0.049" /><testcase classname="backend.tests.test_rx_features.TestDriverProfile" name="test_get_driver_profile" time="0.049" /></testsuite></testsuites>