<?xml version="1.0" encoding="utf-8"?><testsuites name="pytest tests"><testsuite name="pytest" errors="0" failures="0" skipped="0" tests="9" time="1.020" timestamp="2026-02-18T11:41:22.008539+00:00" hostname="agent-env-d991ca20-f158-4f9b-a4fd-6ad0f4d35499"><testcase classname="backend.tests.test_gig_route_management.TestGigRouteManagement" name="test_01_list_routes_gigs" time="0.067" /><testcase classname="backend.tests.test_gig_route_management.TestGigRouteManagement" name="test_02_get_pending_orders" time="0.053" /><testcase classname="backend.tests.test_gig_route_management.TestGigRouteManagement" name="test_03_get_service_zones" time="0.056" /><testcase classname="backend.tests.test_gig_route_management.TestGigRouteManagement" name="test_04_create_gig_manual" time="0.144" /><testcase classname="backend.tests.test_gig_route_management.TestGigRouteManagement" name="test_05_unassign_driver_endpoint" time="0.146" /><testcase classname="backend.tests.test_gig_route_management.TestGigRouteManagement" name="test_06_assign_orders_to_driver_endpoint" time="0.142" /><testcase classname="backend.tests.test_gig_route_management.TestGigRouteManagement" name="test_07_get_gig_details" time="0.062" /><testcase classname="backend.tests.test_gig_route_management.TestOrderAutoAssignment" name="test_01_create_order_auto_assigns_to_gig" time="0.131" /><testcase classname="backend.tests.test_gig_route_management.TestDriverAssignment" name="test_01_full_assign_unassign_flow" time="0.103" /></testsuite></testsuites>