<?xml version="1.0" encoding="utf-8"?><testsuites name="pytest tests"><testsuite name="pytest" errors="0" failures="0" skipped="0" tests="20" time="9.600" timestamp="2026-04-16T16:34:19.329283+00:00" hostname="agent-env-d2fa9552-22ef-466e-969b-06fdae1f53f5"><testcase classname="backend.tests.test_permissions_orders.TestAuthLogin" name="test_admin_login_returns_all_permissions" time="0.434" /><testcase classname="backend.tests.test_permissions_orders.TestAuthLogin" name="test_manager_login_returns_permissions" time="0.223" /><testcase classname="backend.tests.test_permissions_orders.TestAuthLogin" name="test_operator_login_returns_permissions" time="0.173" /><testcase classname="backend.tests.test_permissions_orders.TestAuthLogin" name="test_pharmacy_login" time="0.156" /><testcase classname="backend.tests.test_permissions_orders.TestAuthLogin" name="test_driver_login" time="0.236" /><testcase classname="backend.tests.test_permissions_orders.TestPermissionsAPI" name="test_get_available_permissions" time="0.640" /><testcase classname="backend.tests.test_permissions_orders.TestPermissionsAPI" name="test_get_my_permissions_admin" time="0.286" /><testcase classname="backend.tests.test_permissions_orders.TestPermissionsAPI" name="test_get_my_permissions_operator" time="0.325" /><testcase classname="backend.tests.test_permissions_orders.TestPermissionsAPI" name="test_get_user_permissions" time="0.487" /><testcase classname="backend.tests.test_permissions_orders.TestPermissionsAPI" name="test_update_user_permissions" time="0.908" /><testcase classname="backend.tests.test_permissions_orders.TestAdminOrderCreation" name="test_get_pharmacies_for_dropdown" time="0.318" /><testcase classname="backend.tests.test_permissions_orders.TestAdminOrderCreation" name="test_create_order_with_pharmacy" time="0.574" /><testcase classname="backend.tests.test_permissions_orders.TestOrderAttemptLogging" name="test_log_attempt_first_fail" time="0.615" /><testcase classname="backend.tests.test_permissions_orders.TestOrderAttemptLogging" name="test_log_attempt_second_fail_enables_duplicate" time="0.674" /><testcase classname="backend.tests.test_permissions_orders.TestOrderAttemptLogging" name="test_duplicate_order_creates_new_qr" time="0.896" /><testcase classname="backend.tests.test_permissions_orders.TestOrderAttemptLogging" name="test_get_order_history" time="1.047" /><testcase classname="backend.tests.test_permissions_orders.TestManagerOperatorAccess" name="test_manager_can_access_admin_endpoints" time="0.429" /><testcase classname="backend.tests.test_permissions_orders.TestManagerOperatorAccess" name="test_operator_can_access_admin_endpoints" time="0.467" /><testcase classname="backend.tests.test_permissions_orders.TestManagerOperatorAccess" name="test_pharmacy_cannot_access_admin_endpoints" time="0.279" /><testcase classname="backend.tests.test_permissions_orders.TestRoleHierarchy" name="test_roles_exist_in_system" time="0.282" /></testsuite></testsuites>