<?xml version="1.0" encoding="utf-8"?><testsuites name="pytest tests"><testsuite name="pytest" errors="0" failures="0" skipped="0" tests="13" time="4.515" timestamp="2026-04-12T11:55:47.295181+00:00" hostname="agent-env-d2fa9552-22ef-466e-969b-06fdae1f53f5"><testcase classname="backend.tests.test_route_providers.TestRouteProviders" name="test_get_providers_returns_all_three" time="0.285" /><testcase classname="backend.tests.test_route_providers.TestRouteProviders" name="test_providers_have_correct_structure" time="0.262" /><testcase classname="backend.tests.test_route_providers.TestRouteProviders" name="test_circuit_is_configured" time="0.257" /><testcase classname="backend.tests.test_route_providers.TestRouteProviders" name="test_google_maps_shows_unconfigured" time="0.263" /><testcase classname="backend.tests.test_route_providers.TestRouteProviders" name="test_apple_maps_shows_unconfigured" time="0.245" /><testcase classname="backend.tests.test_route_providers.TestRouteOptimization" name="test_optimize_with_google_maps_provider" time="0.386" /><testcase classname="backend.tests.test_route_providers.TestRouteOptimization" name="test_optimize_with_apple_maps_provider" time="0.362" /><testcase classname="backend.tests.test_route_providers.TestRouteOptimization" name="test_optimize_with_circuit_provider" time="0.511" /><testcase classname="backend.tests.test_route_providers.TestRouteOptimization" name="test_optimize_without_provider_defaults_to_circuit" time="0.539" /><testcase classname="backend.tests.test_route_providers.TestGigListAndDetail" name="test_gig_list_includes_optimization_provider" time="0.261" /><testcase classname="backend.tests.test_route_providers.TestGigListAndDetail" name="test_gig_detail_includes_optimization_provider" time="0.340" /><testcase classname="backend.tests.test_route_providers.TestOptimizationResultDetails" name="test_google_maps_returns_stop_order" time="0.364" /><testcase classname="backend.tests.test_route_providers.TestOptimizationResultDetails" name="test_apple_maps_returns_stop_order" time="0.361" /></testsuite></testsuites>