<?xml version="1.0" encoding="utf-8"?><testsuites name="pytest tests"><testsuite name="pytest" errors="0" failures="0" skipped="0" tests="10" time="3.866" timestamp="2026-03-19T19:25:11.918949+00:00" hostname="agent-env-dd63bcf4-d116-44c9-93b0-7b1b8e5e048c"><testcase classname="test_pod_and_optimization.TestAuth" name="test_admin_login" time="0.253" /><testcase classname="test_pod_and_optimization.TestAuth" name="test_driver_login" time="0.168" /><testcase classname="test_pod_and_optimization.TestPODPhotoAccess" name="test_existing_pod_photos_accessible" time="0.578" /><testcase classname="test_pod_and_optimization.TestPODPhotoAccess" name="test_pod_photo_content_type" time="0.227" /><testcase classname="test_pod_and_optimization.TestPODPhotoURLsInAPI" name="test_order_detail_includes_all_pod_urls" time="0.381" /><testcase classname="test_pod_and_optimization.TestRouteOptimization" name="test_route_optimization_does_not_fail" time="0.563" /><testcase classname="test_pod_and_optimization.TestRouteOptimization" name="test_optimization_uses_local_fallback" time="0.536" /><testcase classname="test_pod_and_optimization.TestDriverPODSubmission" name="test_driver_deliveries_endpoint" time="0.276" /><testcase classname="test_pod_and_optimization.TestAdminPODView" name="test_admin_orders_list" time="0.289" /><testcase classname="test_pod_and_optimization.TestAdminPODView" name="test_delivered_order_has_pod_data" time="0.544" /></testsuite></testsuites>