<?xml version="1.0" encoding="utf-8"?><testsuites name="pytest tests"><testsuite name="pytest" errors="0" failures="0" skipped="0" tests="8" time="0.453" timestamp="2026-02-18T09:33:52.712610+00:00" hostname="agent-env-d991ca20-f158-4f9b-a4fd-6ad0f4d35499"><testcase classname="backend.tests.test_pod.TestPODMandatoryPhoto" name="test_pod_without_photo_fails" time="0.055" /><testcase classname="backend.tests.test_pod.TestPODMandatoryPhoto" name="test_pod_with_empty_photo_fails" time="0.050" /><testcase classname="backend.tests.test_pod.TestPODSignatureOptional" name="test_pod_with_photo_only_succeeds" time="0.096" /><testcase classname="backend.tests.test_pod.TestOrderDetailsPODDisplay" name="test_admin_can_see_pod_in_order_details" time="0.052" /><testcase classname="backend.tests.test_pod.TestOrderDetailsPODDisplay" name="test_order_details_include_pod_fields" time="0.048" /><testcase classname="backend.tests.test_pod.TestDriverPortalHistory" name="test_driver_history_includes_photo_url" time="0.049" /><testcase classname="backend.tests.test_pod.TestAuthenticationRequired" name="test_pod_requires_driver_auth" time="0.001" /><testcase classname="backend.tests.test_pod.TestAuthenticationRequired" name="test_admin_cannot_submit_pod" time="0.049" /></testsuite></testsuites>