<?xml version="1.0" encoding="utf-8"?><testsuites name="pytest tests"><testsuite name="pytest" errors="0" failures="0" skipped="2" tests="17" time="16.434" timestamp="2026-02-17T11:36:22.216624+00:00" hostname="agent-env-1c03f114-6c71-43db-98e3-b5dd58cb7987"><testcase classname="backend.tests.test_rxexpresss_features.TestHealthCheck" name="test_api_health" time="0.440" /><testcase classname="backend.tests.test_rxexpresss_features.TestAuthentication" name="test_admin_login" time="0.215" /><testcase classname="backend.tests.test_rxexpresss_features.TestAuthentication" name="test_pharmacy_login" time="0.155" /><testcase classname="backend.tests.test_rxexpresss_features.TestAuthentication" name="test_driver_login" time="0.185" /><testcase classname="backend.tests.test_rxexpresss_features.TestPublicTracking" name="test_track_by_qr_code" time="0.111" /><testcase classname="backend.tests.test_rxexpresss_features.TestPublicTracking" name="test_track_invalid_code" time="0.107" /><testcase classname="backend.tests.test_rxexpresss_features.TestPharmacyPortal" name="test_get_pharmacy_profile" time="0.348" /><testcase classname="backend.tests.test_rxexpresss_features.TestPharmacyPortal" name="test_get_pharmacy_orders" time="0.340" /><testcase classname="backend.tests.test_rxexpresss_features.TestDriverPortal" name="test_get_driver_profile" time="0.489" /><testcase classname="backend.tests.test_rxexpresss_features.TestDriverPortal" name="test_get_driver_deliveries" time="0.167" /><testcase classname="backend.tests.test_rxexpresss_features.TestDriverPortal" name="test_update_driver_status" time="0.184" /><testcase classname="backend.tests.test_rxexpresss_features.TestAdminFeatures" name="test_get_users" time="0.400" /><testcase classname="backend.tests.test_rxexpresss_features.TestAdminFeatures" name="test_get_drivers" time="0.144" /><testcase classname="backend.tests.test_rxexpresss_features.TestAdminFeatures" name="test_get_pharmacies" time="0.179" /><testcase classname="backend.tests.test_rxexpresss_features.TestAdminFeatures" name="test_qr_scan_valid" time="6.350"><skipped type="pytest.skip" message="Cloudflare 520 error">/app/backend/tests/test_rxexpresss_features.py:254: Cloudflare 520 error</skipped></testcase><testcase classname="backend.tests.test_rxexpresss_features.TestAdminFeatures" name="test_qr_scan_invalid" time="6.387"><skipped type="pytest.skip" message="Cloudflare 520 error">/app/backend/tests/test_rxexpresss_features.py:266: Cloudflare 520 error</skipped></testcase><testcase classname="backend.tests.test_rxexpresss_features.TestRoutes" name="test_get_pending_orders" time="0.163" /></testsuite></testsuites>