<?xml version="1.0" encoding="utf-8"?><testsuites name="pytest tests"><testsuite name="pytest" errors="0" failures="4" skipped="0" tests="23" time="5.347" timestamp="2026-02-17T11:03:39.167704+00:00" hostname="agent-env-1c03f114-6c71-43db-98e3-b5dd58cb7987"><testcase classname="test_rxexpresss_api.TestAuthentication" name="test_login_admin_success" time="0.290" /><testcase classname="test_rxexpresss_api.TestAuthentication" name="test_login_pharmacy_success" time="0.194" /><testcase classname="test_rxexpresss_api.TestAuthentication" name="test_login_driver_success" time="0.202" /><testcase classname="test_rxexpresss_api.TestAuthentication" name="test_login_invalid_credentials" time="0.241" /><testcase classname="test_rxexpresss_api.TestAuthentication" name="test_forgot_password" time="0.144"><failure message="assert 404 == 200&#10; +  where 404 = &lt;Response [404]&gt;.status_code">test_rxexpresss_api.py:113: in test_forgot_password
    assert response.status_code == 200
E   assert 404 == 200
E    +  where 404 = &lt;Response [404]&gt;.status_code</failure></testcase><testcase classname="test_rxexpresss_api.TestAdminDashboard" name="test_get_dashboard" time="0.363" /><testcase classname="test_rxexpresss_api.TestAdminDashboard" name="test_dashboard_unauthorized" time="0.248" /><testcase classname="test_rxexpresss_api.TestUserManagement" name="test_get_users" time="0.110" /><testcase classname="test_rxexpresss_api.TestUserManagement" name="test_get_users_by_role" time="0.147"><failure message="KeyError: 'Role'">test_rxexpresss_api.py:166: in test_get_users_by_role
    assert user["Role"] == "Admin" or user.get("role") == "Admin"
           ^^^^^^^^^^^^
E   KeyError: 'Role'</failure></testcase><testcase classname="test_rxexpresss_api.TestUserManagement" name="test_get_user_by_id" time="0.160"><failure message="KeyError: 'Id'">test_rxexpresss_api.py:177: in test_get_user_by_id
    user_id = users[0]["Id"]
              ^^^^^^^^^^^^^^
E   KeyError: 'Id'</failure></testcase><testcase classname="test_rxexpresss_api.TestOrderManagement" name="test_get_orders" time="0.198" /><testcase classname="test_rxexpresss_api.TestOrderManagement" name="test_get_orders_by_status" time="0.107" /><testcase classname="test_rxexpresss_api.TestOrderManagement" name="test_update_order_status" time="0.838" /><testcase classname="test_rxexpresss_api.TestQRScanning" name="test_scan_valid_qr" time="0.254" /><testcase classname="test_rxexpresss_api.TestQRScanning" name="test_scan_invalid_qr" time="0.119" /><testcase classname="test_rxexpresss_api.TestDriverManagement" name="test_get_drivers" time="0.186" /><testcase classname="test_rxexpresss_api.TestDriverPortal" name="test_get_driver_profile" time="0.432" /><testcase classname="test_rxexpresss_api.TestDriverPortal" name="test_get_driver_deliveries" time="0.154" /><testcase classname="test_rxexpresss_api.TestDriverPortal" name="test_update_driver_status" time="0.161" /><testcase classname="test_rxexpresss_api.TestDriverPortal" name="test_get_driver_history" time="0.151"><failure message="assert 404 == 200&#10; +  where 404 = &lt;Response [404]&gt;.status_code">test_rxexpresss_api.py:327: in test_get_driver_history
    assert response.status_code == 200
E   assert 404 == 200
E    +  where 404 = &lt;Response [404]&gt;.status_code</failure></testcase><testcase classname="test_rxexpresss_api.TestRoutes" name="test_get_pending_orders" time="0.170" /><testcase classname="test_rxexpresss_api.TestRoutes" name="test_get_routes" time="0.109" /><testcase classname="test_rxexpresss_api.TestPharmacies" name="test_get_pharmacies" time="0.132" /></testsuite></testsuites>