<?xml version="1.0" encoding="utf-8"?><testsuites name="pytest tests"><testsuite name="pytest" errors="0" failures="0" skipped="0" tests="11" time="2.588" timestamp="2026-04-12T12:29:36.218876+00:00" hostname="agent-env-d2fa9552-22ef-466e-969b-06fdae1f53f5"><testcase classname="backend.tests.test_driver_tracking.TestDriverTracking" name="test_driver_report_location_success" time="0.420" /><testcase classname="backend.tests.test_driver_tracking.TestDriverTracking" name="test_driver_report_location_minimal" time="0.116" /><testcase classname="backend.tests.test_driver_tracking.TestDriverTracking" name="test_driver_report_location_unauthorized" time="0.108" /><testcase classname="backend.tests.test_driver_tracking.TestDriverTracking" name="test_admin_get_all_drivers_tracking" time="0.111" /><testcase classname="backend.tests.test_driver_tracking.TestDriverTracking" name="test_admin_tracking_unauthorized" time="0.100" /><testcase classname="backend.tests.test_driver_tracking.TestDriverTracking" name="test_admin_tracking_driver_forbidden" time="0.094" /><testcase classname="backend.tests.test_driver_tracking.TestDriverTracking" name="test_admin_get_driver_trail" time="0.228" /><testcase classname="backend.tests.test_driver_tracking.TestDriverTracking" name="test_admin_get_driver_trail_with_hours_param" time="0.213" /><testcase classname="backend.tests.test_driver_tracking.TestDriverTracking" name="test_admin_get_driver_trail_invalid_id" time="0.103" /><testcase classname="backend.tests.test_driver_tracking.TestDriverTracking" name="test_location_report_and_verify_persistence" time="0.721" /><testcase classname="backend.tests.test_driver_tracking.TestDriverProfile" name="test_driver_profile_endpoint" time="0.306" /></testsuite></testsuites>