<?xml version="1.0" encoding="utf-8"?><testsuites name="pytest tests"><testsuite name="pytest" errors="0" failures="0" skipped="1" tests="9" time="4.009" timestamp="2026-02-21T19:28:11.295820+00:00" hostname="agent-env-361cd5f2-4c49-4ff0-8e01-4327de8ffdb1"><testcase classname="backend.tests.test_gig_management_druglift.TestGigManagementDruglift" name="test_per_order_unassign_endpoint_exists" time="0.418" /><testcase classname="backend.tests.test_gig_management_druglift.TestGigManagementDruglift" name="test_per_order_unassign_works" time="0.603" /><testcase classname="backend.tests.test_gig_management_druglift.TestGigManagementDruglift" name="test_unassign_non_assigned_order_fails" time="0.343" /><testcase classname="backend.tests.test_gig_management_druglift.TestGigManagementDruglift" name="test_split_gig_preserves_driver" time="0.501"><skipped type="pytest.skip" message="No gig with 2+ assigned orders found">/app/backend/tests/test_gig_management_druglift.py:148: No gig with 2+ assigned orders found</skipped></testcase><testcase classname="backend.tests.test_gig_management_druglift.TestGigManagementDruglift" name="test_split_gig_updates_order_route_plan_id" time="0.677" /><testcase classname="backend.tests.test_gig_management_druglift.TestQRCodeDisplay" name="test_orders_have_qr_codes" time="0.244" /><testcase classname="backend.tests.test_gig_management_druglift.TestQRCodeDisplay" name="test_qrserver_api_accessible" time="0.575" /><testcase classname="backend.tests.test_gig_management_druglift.TestGigListAndDetail" name="test_get_all_gigs" time="0.278" /><testcase classname="backend.tests.test_gig_management_druglift.TestGigListAndDetail" name="test_get_gig_detail_includes_orders" time="0.261" /></testsuite></testsuites>