<?xml version="1.0" encoding="utf-8"?><testsuites name="pytest tests"><testsuite name="pytest" errors="0" failures="0" skipped="3" tests="23" time="4.979" timestamp="2026-02-17T11:05:35.602850+00:00" hostname="agent-env-1c03f114-6c71-43db-98e3-b5dd58cb7987"><testcase classname="test_rxexpresss_api.TestAuthentication" name="test_login_admin_success" time="0.276" /><testcase classname="test_rxexpresss_api.TestAuthentication" name="test_login_pharmacy_success" time="0.162" /><testcase classname="test_rxexpresss_api.TestAuthentication" name="test_login_driver_success" time="0.211" /><testcase classname="test_rxexpresss_api.TestAuthentication" name="test_login_invalid_credentials" time="0.097" /><testcase classname="test_rxexpresss_api.TestAuthentication" name="test_forgot_password" time="0.146"><skipped type="pytest.skip" message="Forgot password endpoint not accessible externally">/app/backend/tests/test_rxexpresss_api.py:114: Forgot password endpoint not accessible externally</skipped></testcase><testcase classname="test_rxexpresss_api.TestAdminDashboard" name="test_get_dashboard" time="0.400" /><testcase classname="test_rxexpresss_api.TestAdminDashboard" name="test_dashboard_unauthorized" time="0.136" /><testcase classname="test_rxexpresss_api.TestUserManagement" name="test_get_users" time="0.152" /><testcase classname="test_rxexpresss_api.TestUserManagement" name="test_get_users_by_role" time="0.101" /><testcase classname="test_rxexpresss_api.TestUserManagement" name="test_get_user_by_id" time="0.274"><skipped type="pytest.skip" message="Get user by ID endpoint returns 404 - may need routing fix">/app/backend/tests/test_rxexpresss_api.py:186: Get user by ID endpoint returns 404 - may need routing fix</skipped></testcase><testcase classname="test_rxexpresss_api.TestOrderManagement" name="test_get_orders" time="0.100" /><testcase classname="test_rxexpresss_api.TestOrderManagement" name="test_get_orders_by_status" time="0.149" /><testcase classname="test_rxexpresss_api.TestOrderManagement" name="test_update_order_status" time="0.783" /><testcase classname="test_rxexpresss_api.TestQRScanning" name="test_scan_valid_qr" time="0.301" /><testcase classname="test_rxexpresss_api.TestQRScanning" name="test_scan_invalid_qr" time="0.147" /><testcase classname="test_rxexpresss_api.TestDriverManagement" name="test_get_drivers" time="0.144" /><testcase classname="test_rxexpresss_api.TestDriverPortal" name="test_get_driver_profile" time="0.337" /><testcase classname="test_rxexpresss_api.TestDriverPortal" name="test_get_driver_deliveries" time="0.402" /><testcase classname="test_rxexpresss_api.TestDriverPortal" name="test_update_driver_status" time="0.113" /><testcase classname="test_rxexpresss_api.TestDriverPortal" name="test_get_driver_history" time="0.104"><skipped type="pytest.skip" message="Driver history endpoint returns 404 - may need internal routing fix">/app/backend/tests/test_rxexpresss_api.py:334: Driver history endpoint returns 404 - may need internal routing fix</skipped></testcase><testcase classname="test_rxexpresss_api.TestRoutes" name="test_get_pending_orders" time="0.104" /><testcase classname="test_rxexpresss_api.TestRoutes" name="test_get_routes" time="0.093" /><testcase classname="test_rxexpresss_api.TestPharmacies" name="test_get_pharmacies" time="0.115" /></testsuite></testsuites>