<?xml version="1.0" encoding="utf-8"?><testsuites name="pytest tests"><testsuite name="pytest" errors="0" failures="0" skipped="0" tests="16" time="3.499" timestamp="2026-02-12T09:01:19.320224+00:00" hostname="agent-env-ab8f5843-892a-4114-bddd-6f3bb82102f8"><testcase classname="backend.tests.test_qr_scanning.TestAdminAuthentication" name="test_admin_login" time="0.286" /><testcase classname="backend.tests.test_qr_scanning.TestAdminScanEndpoints" name="test_get_scans_list" time="0.273" /><testcase classname="backend.tests.test_qr_scanning.TestAdminScanEndpoints" name="test_get_scans_with_action_filter" time="0.271" /><testcase classname="backend.tests.test_qr_scanning.TestAdminScanEndpoints" name="test_get_scans_with_pagination" time="0.307" /><testcase classname="backend.tests.test_qr_scanning.TestAdminScanStats" name="test_get_scan_stats" time="0.265" /><testcase classname="backend.tests.test_qr_scanning.TestAdminPackages" name="test_get_packages_list" time="0.267" /><testcase classname="backend.tests.test_qr_scanning.TestAdminPackages" name="test_get_packages_scanned_filter" time="0.262" /><testcase classname="backend.tests.test_qr_scanning.TestAdminPackages" name="test_get_packages_not_scanned_filter" time="0.270" /><testcase classname="backend.tests.test_qr_scanning.TestAdminVerifyPackage" name="test_verify_package_not_found" time="0.272" /><testcase classname="backend.tests.test_qr_scanning.TestAdminVerifyPackage" name="test_verify_package_with_existing_qr" time="0.275" /><testcase classname="backend.tests.test_qr_scanning.TestPackageScanEndpoint" name="test_scan_package_not_found" time="0.284" /><testcase classname="backend.tests.test_qr_scanning.TestPackageScanEndpoint" name="test_scan_package_with_location" time="0.263" /><testcase classname="backend.tests.test_qr_scanning.TestAccessControl" name="test_scans_requires_admin" time="0.041" /><testcase classname="backend.tests.test_qr_scanning.TestAccessControl" name="test_scan_stats_requires_admin" time="0.033" /><testcase classname="backend.tests.test_qr_scanning.TestAccessControl" name="test_packages_requires_admin" time="0.032" /><testcase classname="backend.tests.test_qr_scanning.TestAccessControl" name="test_verify_requires_admin" time="0.032" /></testsuite></testsuites>