<?xml version="1.0" encoding="utf-8"?><testsuites name="pytest tests"><testsuite name="pytest" errors="0" failures="3" skipped="0" tests="12" time="5.256" timestamp="2026-02-14T07:09:05.781663+00:00" hostname="agent-env-367f6af8-601f-472d-bc5c-748626f42775"><testcase classname="backend.tests.test_reports_and_pod.TestAuthentication" name="test_admin_login" time="0.378" /><testcase classname="backend.tests.test_reports_and_pod.TestAuthentication" name="test_driver_login" time="0.379" /><testcase classname="backend.tests.test_reports_and_pod.TestReportsAPI" name="test_reports_dashboard" time="0.464" /><testcase classname="backend.tests.test_reports_and_pod.TestReportsAPI" name="test_reports_dashboard_with_date_range" time="0.581" /><testcase classname="backend.tests.test_reports_and_pod.TestReportsAPI" name="test_driver_performance_report" time="0.441" /><testcase classname="backend.tests.test_reports_and_pod.TestRoutesCleanup" name="test_routes_list" time="0.420"><failure message="AssertionError: Routes list failed: {&quot;detail&quot;:&quot;Not Found&quot;}&#10;assert 404 == 200&#10; +  where 404 = &lt;Response [404]&gt;.status_code">backend/tests/test_reports_and_pod.py:168: in test_routes_list
    assert response.status_code == 200, f"Routes list failed: {response.text}"
E   AssertionError: Routes list failed: {"detail":"Not Found"}
E   assert 404 == 200
E    +  where 404 = &lt;Response [404]&gt;.status_code</failure></testcase><testcase classname="backend.tests.test_reports_and_pod.TestPODCloudStorage" name="test_uploads_signatures_endpoint" time="0.099" /><testcase classname="backend.tests.test_reports_and_pod.TestPODCloudStorage" name="test_uploads_photos_endpoint" time="0.122" /><testcase classname="backend.tests.test_reports_and_pod.TestPODCloudStorage" name="test_driver_portal_pod_submission" time="0.524"><failure message="AssertionError: POD endpoint failed: 404 - {&quot;detail&quot;:&quot;Not Found&quot;}&#10;assert 404 in [200, 400, 422]&#10; +  where 404 = &lt;Response [404]&gt;.status_code">backend/tests/test_reports_and_pod.py:250: in test_driver_portal_pod_submission
    assert response.status_code in [200, 400, 422], f"POD endpoint failed: {response.status_code} - {response.text}"
E   AssertionError: POD endpoint failed: 404 - {"detail":"Not Found"}
E   assert 404 in [200, 400, 422]
E    +  where 404 = &lt;Response [404]&gt;.status_code</failure></testcase><testcase classname="backend.tests.test_reports_and_pod.TestBoroughData" name="test_orders_have_borough" time="1.141"><failure message="AssertionError: Orders list failed: {&quot;detail&quot;:&quot;Not authenticated&quot;}&#10;assert 403 == 200&#10; +  where 403 = &lt;Response [403]&gt;.status_code">backend/tests/test_reports_and_pod.py:264: in test_orders_have_borough
    assert response.status_code == 200, f"Orders list failed: {response.text}"
E   AssertionError: Orders list failed: {"detail":"Not authenticated"}
E   assert 403 == 200
E    +  where 403 = &lt;Response [403]&gt;.status_code</failure></testcase><testcase classname="backend.tests.test_reports_and_pod.TestReportsUnauthorized" name="test_reports_dashboard_unauthorized" time="0.111" /><testcase classname="backend.tests.test_reports_and_pod.TestReportsUnauthorized" name="test_reports_dashboard_driver_forbidden" time="0.499" /></testsuite></testsuites>