<?xml version="1.0" encoding="utf-8"?><testsuites name="pytest tests"><testsuite name="pytest" errors="0" failures="0" skipped="0" tests="12" time="4.378" timestamp="2026-02-14T07:09:56.353325+00:00" hostname="agent-env-367f6af8-601f-472d-bc5c-748626f42775"><testcase classname="backend.tests.test_reports_and_pod.TestAuthentication" name="test_admin_login" time="0.388" /><testcase classname="backend.tests.test_reports_and_pod.TestAuthentication" name="test_driver_login" time="0.338" /><testcase classname="backend.tests.test_reports_and_pod.TestReportsAPI" name="test_reports_dashboard" time="0.444" /><testcase classname="backend.tests.test_reports_and_pod.TestReportsAPI" name="test_reports_dashboard_with_date_range" time="0.452" /><testcase classname="backend.tests.test_reports_and_pod.TestReportsAPI" name="test_driver_performance_report" time="0.452" /><testcase classname="backend.tests.test_reports_and_pod.TestRoutesCleanup" name="test_routes_list" time="0.498" /><testcase classname="backend.tests.test_reports_and_pod.TestPODCloudStorage" name="test_uploads_signatures_endpoint" time="0.104" /><testcase classname="backend.tests.test_reports_and_pod.TestPODCloudStorage" name="test_uploads_photos_endpoint" time="0.098" /><testcase classname="backend.tests.test_reports_and_pod.TestPODCloudStorage" name="test_driver_portal_pod_submission" time="0.548" /><testcase classname="backend.tests.test_reports_and_pod.TestBoroughData" name="test_orders_have_borough" time="0.438" /><testcase classname="backend.tests.test_reports_and_pod.TestReportsUnauthorized" name="test_reports_dashboard_unauthorized" time="0.102" /><testcase classname="backend.tests.test_reports_and_pod.TestReportsUnauthorized" name="test_reports_dashboard_driver_forbidden" time="0.452" /></testsuite></testsuites>