<?xml version="1.0" encoding="utf-8"?><testsuites name="pytest tests"><testsuite name="pytest" errors="0" failures="0" skipped="0" tests="15" time="0.933" timestamp="2026-02-16T14:16:36.626548+00:00" hostname="agent-env-8565893c-3165-4abc-922f-24d21bd51417"><testcase classname="test_rxexpresss_dotnet.TestHealthCheck" name="test_health_endpoint_returns_healthy" time="0.011" /><testcase classname="test_rxexpresss_dotnet.TestAuthentication" name="test_admin_login_success" time="0.049" /><testcase classname="test_rxexpresss_dotnet.TestAuthentication" name="test_pharmacy_login_success" time="0.052" /><testcase classname="test_rxexpresss_dotnet.TestAuthentication" name="test_driver_login_success" time="0.048" /><testcase classname="test_rxexpresss_dotnet.TestAuthentication" name="test_login_invalid_credentials" time="0.053" /><testcase classname="test_rxexpresss_dotnet.TestAuthentication" name="test_auth_me_returns_user_info" time="0.053" /><testcase classname="test_rxexpresss_dotnet.TestAdminDashboard" name="test_admin_dashboard_returns_stats" time="0.101" /><testcase classname="test_rxexpresss_dotnet.TestAdminDashboard" name="test_admin_dashboard_forbidden_for_driver" time="0.054" /><testcase classname="test_rxexpresss_dotnet.TestAdminDashboard" name="test_admin_orders_returns_list" time="0.068" /><testcase classname="test_rxexpresss_dotnet.TestAdminDashboard" name="test_admin_drivers_returns_list" time="0.064" /><testcase classname="test_rxexpresss_dotnet.TestAdminDashboard" name="test_admin_users_returns_list" time="0.062" /><testcase classname="test_rxexpresss_dotnet.TestPricing" name="test_pricing_active_no_auth_required" time="0.020" /><testcase classname="test_rxexpresss_dotnet.TestPharmacy" name="test_pharmacy_my_returns_info" time="0.053" /><testcase classname="test_rxexpresss_dotnet.TestOrders" name="test_create_order_with_qr_code" time="0.058" /><testcase classname="test_rxexpresss_dotnet.TestDriverPortal" name="test_driver_deliveries_returns_list" time="0.056" /></testsuite></testsuites>